# JRE version: OpenJDK Runtime Environment Temurin-21.0.3+9 (21.0.3+9) (build 21.0.3+9-LTS)
# Java VM: OpenJDK 64-Bit Server VM Temurin-21.0.3+9 (21.0.3+9-LTS, mixed mode, emulated-client, tiered, compressed oops, compressed class ptrs, g1 gc, windows-amd64)
GC Precious Log:
 CardTable entry size: 512
 Card Set container configuration: InlinePtr #cards 4 size 8 Array Of Cards #cards 16 size 48 Howl #buckets 8 coarsen threshold 3686 Howl Bitmap #cards 512 size 80 coarsen threshold 460 Card regions per heap region 1 cards per card region 4096
 CPUs: 6 total, 6 available
 Memory: 16053M
 Large Page Support: Disabled
 NUMA Support: Disabled
 Compressed Oops: Enabled (Zero based)
 Heap Region Size: 2M
 Heap Min Capacity: 8M
 Heap Initial Capacity: 252M
 Heap Max Capacity: 4014M
 Pre-touch: Disabled
 Parallel Workers: 6
 Concurrent Workers: 2
 Concurrent Refinement Workers: 6
 Periodic GC: Disabled
Heap:
 garbage-first heap   total 110592K, used 91245K [0x0000000705200000, 0x0000000800000000)
  region size 2048K, 27 young (55296K), 4 survivors (8192K)
 Metaspace       used 100144K, committed 101888K, reserved 1179648K
  class space    used 13127K, committed 13888K, reserved 1048576K
GC Heap History (20 events):
Event: 31.018 GC heap after
{Heap after GC invocations=31 (full 0):
 garbage-first heap   total 110592K, used 46738K [0x0000000705200000, 0x0000000800000000)
  region size 2048K, 3 young (6144K), 3 survivors (6144K)
 Metaspace       used 98080K, committed 99264K, reserved 1179648K
  class space    used 12852K, committed 13376K, reserved 1048576K
}
Event: 47.227 GC heap before
{Heap before GC invocations=32 (full 0):
 garbage-first heap   total 110592K, used 93842K [0x0000000705200000, 0x0000000800000000)
  region size 2048K, 26 young (53248K), 3 survivors (6144K)
 Metaspace       used 99009K, committed 100288K, reserved 1179648K
  class space    used 12981K, committed 13568K, reserved 1048576K
}
Event: 47.235 GC heap after
{Heap after GC invocations=33 (full 0):
 garbage-first heap   total 110592K, used 47804K [0x0000000705200000, 0x0000000800000000)
  region size 2048K, 2 young (4096K), 2 survivors (4096K)
 Metaspace       used 99009K, committed 100288K, reserved 1179648K
  class space    used 12981K, committed 13568K, reserved 1048576K
}
Event: 50.131 GC heap before
{Heap before GC invocations=33 (full 0):
 garbage-first heap   total 110592K, used 51900K [0x0000000705200000, 0x0000000800000000)
  region size 2048K, 6 young (12288K), 2 survivors (4096K)
 Metaspace       used 99039K, committed 100352K, reserved 1179648K
  class space    used 12987K, committed 13568K, reserved 1048576K
}
Event: 50.138 GC heap after
{Heap after GC invocations=34 (full 0):
 garbage-first heap   total 110592K, used 47798K [0x0000000705200000, 0x0000000800000000)
  region size 2048K, 2 young (4096K), 2 survivors (4096K)
 Metaspace       used 99039K, committed 100352K, reserved 1179648K
  class space    used 12987K, committed 13568K, reserved 1048576K
}
Event: 76.766 GC heap before
{Heap before GC invocations=35 (full 0):
 garbage-first heap   total 110592K, used 96950K [0x0000000705200000, 0x0000000800000000)
  region size 2048K, 26 young (53248K), 2 survivors (4096K)
 Metaspace       used 99461K, committed 100800K, reserved 1179648K
  class space    used 13056K, committed 13632K, reserved 1048576K
}
Event: 76.770 GC heap after
{Heap after GC invocations=36 (full 0):
 garbage-first heap   total 110592K, used 48029K [0x0000000705200000, 0x0000000800000000)
  region size 2048K, 2 young (4096K), 2 survivors (4096K)
 Metaspace       used 99461K, committed 100800K, reserved 1179648K
  class space    used 13056K, committed 13632K, reserved 1048576K
}
Event: 342.637 GC heap before
{Heap before GC invocations=36 (full 0):
 garbage-first heap   total 110592K, used 97181K [0x0000000705200000, 0x0000000800000000)
  region size 2048K, 26 young (53248K), 2 survivors (4096K)
 Metaspace       used 100142K, committed 101568K, reserved 1179648K
  class space    used 13171K, committed 13824K, reserved 1048576K
}
Event: 342.646 GC heap after
{Heap after GC invocations=37 (full 0):
 garbage-first heap   total 110592K, used 47743K [0x0000000705200000, 0x0000000800000000)
  region size 2048K, 2 young (4096K), 2 survivors (4096K)
 Metaspace       used 100142K, committed 101568K, reserved 1179648K
  class space    used 13171K, committed 13824K, reserved 1048576K
}
Event: 612.269 GC heap before
{Heap before GC invocations=37 (full 0):
 garbage-first heap   total 110592K, used 94847K [0x0000000705200000, 0x0000000800000000)
  region size 2048K, 26 young (53248K), 2 survivors (4096K)
 Metaspace       used 100350K, committed 101824K, reserved 1179648K
  class space    used 13211K, committed 13888K, reserved 1048576K
}
Event: 612.274 GC heap after
{Heap after GC invocations=38 (full 0):
 garbage-first heap   total 110592K, used 47804K [0x0000000705200000, 0x0000000800000000)
  region size 2048K, 2 young (4096K), 2 survivors (4096K)
 Metaspace       used 100350K, committed 101824K, reserved 1179648K
  class space    used 13211K, committed 13888K, reserved 1048576K
}
Event: 683.253 GC heap before
{Heap before GC invocations=39 (full 0):
 garbage-first heap   total 110592K, used 94908K [0x0000000705200000, 0x0000000800000000)
  region size 2048K, 26 young (53248K), 2 survivors (4096K)
 Metaspace       used 99827K, committed 101824K, reserved 1179648K
  class space    used 13079K, committed 13888K, reserved 1048576K
}
Event: 683.260 GC heap after
{Heap after GC invocations=40 (full 0):
 garbage-first heap   total 110592K, used 48394K [0x0000000705200000, 0x0000000800000000)
  region size 2048K, 2 young (4096K), 2 survivors (4096K)
 Metaspace       used 99827K, committed 101824K, reserved 1179648K
  class space    used 13079K, committed 13888K, reserved 1048576K
}
Event: 698.545 GC heap before
{Heap before GC invocations=40 (full 0):
 garbage-first heap   total 110592K, used 52490K [0x0000000705200000, 0x0000000800000000)
  region size 2048K, 5 young (10240K), 2 survivors (4096K)
 Metaspace       used 100011K, committed 101888K, reserved 1179648K
  class space    used 13120K, committed 13888K, reserved 1048576K
}
Event: 698.598 GC heap after
{Heap after GC invocations=41 (full 1):
 garbage-first heap   total 110592K, used 33506K [0x0000000705200000, 0x0000000800000000)
  region size 2048K, 0 young (0K), 0 survivors (0K)
 Metaspace       used 99074K, committed 101888K, reserved 1179648K
  class space    used 12918K, committed 13888K, reserved 1048576K
}
Event: 702.800 GC heap before
{Heap before GC invocations=41 (full 1):
 garbage-first heap   total 110592K, used 84706K [0x0000000705200000, 0x0000000800000000)
  region size 2048K, 27 young (55296K), 0 survivors (0K)
 Metaspace       used 99319K, committed 101888K, reserved 1179648K
  class space    used 12972K, committed 13888K, reserved 1048576K
}
Event: 702.804 GC heap after
{Heap after GC invocations=42 (full 1):
 garbage-first heap   total 110592K, used 39235K [0x0000000705200000, 0x0000000800000000)
  region size 2048K, 3 young (6144K), 3 survivors (6144K)
 Metaspace       used 99319K, committed 101888K, reserved 1179648K
  class space    used 12972K, committed 13888K, reserved 1048576K
}
Event: 703.168 GC heap before
{Heap before GC invocations=43 (full 1):
 garbage-first heap   total 110592K, used 90435K [0x0000000705200000, 0x0000000800000000)
  region size 2048K, 29 young (59392K), 3 survivors (6144K)
 Metaspace       used 99584K, committed 101888K, reserved 1179648K
  class space    used 13000K, committed 13888K, reserved 1048576K
}
Event: 703.173 GC heap after
{Heap after GC invocations=44 (full 1):
 garbage-first heap   total 110592K, used 44141K [0x0000000705200000, 0x0000000800000000)
  region size 2048K, 3 young (6144K), 3 survivors (6144K)
 Metaspace       used 99584K, committed 101888K, reserved 1179648K
  class space    used 13000K, committed 13888K, reserved 1048576K
}
Event: 724.093 GC heap before
{Heap before GC invocations=44 (full 1):
 garbage-first heap   total 110592K, used 91245K [0x0000000705200000, 0x0000000800000000)
  region size 2048K, 26 young (53248K), 3 survivors (6144K)
 Metaspace       used 100144K, committed 101888K, reserved 1179648K
  class space    used 13127K, committed 13888K, reserved 1048576K
}

