# JRE version: OpenJDK Runtime Environment Temurin-21.0.3+9 (21.0.3+9) (build 21.0.3+9-LTS)
# Java VM: OpenJDK 64-Bit Server VM Temurin-21.0.3+9 (21.0.3+9-LTS, mixed mode, emulated-client, tiered, compressed oops, compressed class ptrs, g1 gc, windows-amd64)
GC Precious Log:
 CardTable entry size: 512
 Card Set container configuration: InlinePtr #cards 5 size 8 Array Of Cards #cards 12 size 40 Howl #buckets 4 coarsen threshold 1843 Howl Bitmap #cards 512 size 80 coarsen threshold 460 Card regions per heap region 1 cards per card region 2048
 CPUs: 12 total, 12 available
 Memory: 8123M
 Large Page Support: Disabled
 NUMA Support: Disabled
 Compressed Oops: Enabled (32-bit)
 Heap Region Size: 1M
 Heap Min Capacity: 8M
 Heap Initial Capacity: 128M
 Heap Max Capacity: 2032M
 Pre-touch: Disabled
 Parallel Workers: 10
 Concurrent Workers: 3
 Concurrent Refinement Workers: 10
 Periodic GC: Disabled
Heap:
 garbage-first heap   total 103424K, used 77983K [0x0000000081000000, 0x0000000100000000)
  region size 1024K, 50 young (51200K), 0 survivors (0K)
 Metaspace       used 85032K, committed 85824K, reserved 1179648K
  class space    used 11125K, committed 11456K, reserved 1048576K
GC Heap History (20 events):
Event: 2.466 GC heap before
{Heap before GC invocations=14 (full 0):
 garbage-first heap   total 71680K, used 59029K [0x0000000081000000, 0x0000000100000000)
  region size 1024K, 42 young (43008K), 5 survivors (5120K)
 Metaspace       used 45721K, committed 46272K, reserved 1114112K
  class space    used 5551K, committed 5824K, reserved 1048576K
}
Event: 2.470 GC heap after
{Heap after GC invocations=15 (full 0):
 garbage-first heap   total 71680K, used 22937K [0x0000000081000000, 0x0000000100000000)
  region size 1024K, 5 young (5120K), 5 survivors (5120K)
 Metaspace       used 45721K, committed 46272K, reserved 1114112K
  class space    used 5551K, committed 5824K, reserved 1048576K
}
Event: 2.667 GC heap before
{Heap before GC invocations=15 (full 0):
 garbage-first heap   total 71680K, used 60825K [0x0000000081000000, 0x0000000100000000)
  region size 1024K, 42 young (43008K), 5 survivors (5120K)
 Metaspace       used 49277K, committed 49856K, reserved 1114112K
  class space    used 6045K, committed 6272K, reserved 1048576K
}
Event: 2.670 GC heap after
{Heap after GC invocations=16 (full 0):
 garbage-first heap   total 86016K, used 23969K [0x0000000081000000, 0x0000000100000000)
  region size 1024K, 3 young (3072K), 3 survivors (3072K)
 Metaspace       used 49277K, committed 49856K, reserved 1114112K
  class space    used 6045K, committed 6272K, reserved 1048576K
}
Event: 2.932 GC heap before
{Heap before GC invocations=16 (full 0):
 garbage-first heap   total 86016K, used 72097K [0x0000000081000000, 0x0000000100000000)
  region size 1024K, 50 young (51200K), 3 survivors (3072K)
 Metaspace       used 53457K, committed 54080K, reserved 1114112K
  class space    used 6745K, committed 7040K, reserved 1048576K
}
Event: 2.935 GC heap after
{Heap after GC invocations=17 (full 0):
 garbage-first heap   total 86016K, used 24607K [0x0000000081000000, 0x0000000100000000)
  region size 1024K, 4 young (4096K), 4 survivors (4096K)
 Metaspace       used 53457K, committed 54080K, reserved 1114112K
  class space    used 6745K, committed 7040K, reserved 1048576K
}
Event: 3.205 GC heap before
{Heap before GC invocations=17 (full 0):
 garbage-first heap   total 86016K, used 57375K [0x0000000081000000, 0x0000000100000000)
  region size 1024K, 37 young (37888K), 4 survivors (4096K)
 Metaspace       used 59531K, committed 60160K, reserved 1114112K
  class space    used 7444K, committed 7744K, reserved 1048576K
}
Event: 3.208 GC heap after
{Heap after GC invocations=18 (full 0):
 garbage-first heap   total 86016K, used 26233K [0x0000000081000000, 0x0000000100000000)
  region size 1024K, 5 young (5120K), 5 survivors (5120K)
 Metaspace       used 59531K, committed 60160K, reserved 1114112K
  class space    used 7444K, committed 7744K, reserved 1048576K
}
Event: 3.444 GC heap before
{Heap before GC invocations=19 (full 0):
 garbage-first heap   total 86016K, used 72313K [0x0000000081000000, 0x0000000100000000)
  region size 1024K, 50 young (51200K), 5 survivors (5120K)
 Metaspace       used 63558K, committed 64192K, reserved 1114112K
  class space    used 8025K, committed 8320K, reserved 1048576K
}
Event: 3.447 GC heap after
{Heap after GC invocations=20 (full 0):
 garbage-first heap   total 86016K, used 27721K [0x0000000081000000, 0x0000000100000000)
  region size 1024K, 5 young (5120K), 5 survivors (5120K)
 Metaspace       used 63558K, committed 64192K, reserved 1114112K
  class space    used 8025K, committed 8320K, reserved 1048576K
}
Event: 3.693 GC heap before
{Heap before GC invocations=20 (full 0):
 garbage-first heap   total 86016K, used 72777K [0x0000000081000000, 0x0000000100000000)
  region size 1024K, 50 young (51200K), 5 survivors (5120K)
 Metaspace       used 68966K, committed 69632K, reserved 1114112K
  class space    used 8788K, committed 9088K, reserved 1048576K
}
Event: 3.696 GC heap after
{Heap after GC invocations=21 (full 0):
 garbage-first heap   total 86016K, used 28419K [0x0000000081000000, 0x0000000100000000)
  region size 1024K, 4 young (4096K), 4 survivors (4096K)
 Metaspace       used 68966K, committed 69632K, reserved 1114112K
  class space    used 8788K, committed 9088K, reserved 1048576K
}
Event: 3.944 GC heap before
{Heap before GC invocations=21 (full 0):
 garbage-first heap   total 86016K, used 74499K [0x0000000081000000, 0x0000000100000000)
  region size 1024K, 50 young (51200K), 4 survivors (4096K)
 Metaspace       used 73321K, committed 73984K, reserved 1114112K
  class space    used 9518K, committed 9856K, reserved 1048576K
}
Event: 3.947 GC heap after
{Heap after GC invocations=22 (full 0):
 garbage-first heap   total 103424K, used 29020K [0x0000000081000000, 0x0000000100000000)
  region size 1024K, 3 young (3072K), 3 survivors (3072K)
 Metaspace       used 73321K, committed 73984K, reserved 1114112K
  class space    used 9518K, committed 9856K, reserved 1048576K
}
Event: 4.317 GC heap before
{Heap before GC invocations=22 (full 0):
 garbage-first heap   total 103424K, used 87388K [0x0000000081000000, 0x0000000100000000)
  region size 1024K, 60 young (61440K), 3 survivors (3072K)
 Metaspace       used 80716K, committed 81408K, reserved 1179648K
  class space    used 10447K, committed 10752K, reserved 1048576K
}
Event: 4.321 GC heap after
{Heap after GC invocations=23 (full 0):
 garbage-first heap   total 103424K, used 31554K [0x0000000081000000, 0x0000000100000000)
  region size 1024K, 6 young (6144K), 6 survivors (6144K)
 Metaspace       used 80716K, committed 81408K, reserved 1179648K
  class space    used 10447K, committed 10752K, reserved 1048576K
}
Event: 4.707 GC heap before
{Heap before GC invocations=23 (full 0):
 garbage-first heap   total 103424K, used 86850K [0x0000000081000000, 0x0000000100000000)
  region size 1024K, 60 young (61440K), 6 survivors (6144K)
 Metaspace       used 84549K, committed 85376K, reserved 1179648K
  class space    used 11025K, committed 11392K, reserved 1048576K
}
Event: 4.712 GC heap after
{Heap after GC invocations=24 (full 0):
 garbage-first heap   total 103424K, used 35103K [0x0000000081000000, 0x0000000100000000)
  region size 1024K, 8 young (8192K), 8 survivors (8192K)
 Metaspace       used 84549K, committed 85376K, reserved 1179648K
  class space    used 11025K, committed 11392K, reserved 1048576K
}
Event: 61.070 GC heap before
{Heap before GC invocations=24 (full 0):
 garbage-first heap   total 103424K, used 48415K [0x0000000081000000, 0x0000000100000000)
  region size 1024K, 22 young (22528K), 8 survivors (8192K)
 Metaspace       used 84958K, committed 85760K, reserved 1179648K
  class space    used 11111K, committed 11456K, reserved 1048576K
}
Event: 61.109 GC heap after
{Heap after GC invocations=25 (full 1):
 garbage-first heap   total 103424K, used 28831K [0x0000000081000000, 0x0000000100000000)
  region size 1024K, 0 young (0K), 0 survivors (0K)
 Metaspace       used 84923K, committed 85760K, reserved 1179648K
  class space    used 11102K, committed 11456K, reserved 1048576K
}

